2026-06-11T14:37:21Z stage: boot
2026-06-11T14:37:45Z stage: deps
2026-06-11T14:37:46Z stage: hf
2026-06-11T14:37:49Z stage: gpu
2026-06-11T14:37:56Z stage: smoke-gate-GREEN
2026-06-11T14:37:56Z stage: sweep-start
2026-06-11T15:15:10Z exit code 0
2026-06-11T20:48:34Z stage: boot
2026-06-11T20:49:02Z stage: deps
2026-06-11T20:49:04Z stage: data
2026-06-11T20:49:05Z stage: hf
2026-06-11T20:49:09Z stage: gpu
2026-06-11T20:49:17Z stage: smoke-gate-GREEN
2026-06-11T20:49:18Z stage: engram-start
2026-06-11T22:16:45Z exit code 0
2026-06-12T01:12:05Z stage: boot
2026-06-12T01:12:36Z stage: deps
2026-06-12T01:12:38Z stage: data
2026-06-12T01:12:38Z stage: hf
2026-06-12T01:12:41Z stage: gpu
2026-06-12T01:12:48Z stage: smoke-gate-GREEN
2026-06-12T01:12:48Z stage: engram-start
2026-06-12T01:26:22Z exit code 0
2026-06-12T02:48:58Z stage: boot
2026-06-12T02:49:18Z stage: deps
2026-06-12T02:49:22Z stage: data
2026-06-12T02:49:22Z stage: hf
2026-06-12T02:49:25Z stage: gpu
2026-06-12T02:49:55Z stage: smoke-gate-GREEN
2026-06-12T02:49:56Z stage: engram-start
2026-06-12T03:24:01Z exit code 0
2026-06-12T04:11:27Z stage: boot
2026-06-12T04:11:55Z stage: deps
2026-06-12T04:11:57Z stage: data
2026-06-12T04:11:58Z stage: hf
2026-06-12T04:12:01Z stage: gpu
2026-06-12T04:13:01Z stage: smoke-gate-GREEN
2026-06-12T04:13:01Z stage: engram-start
2026-06-12T05:09:03Z exit code 0
2026-06-12T15:27:12Z stage: boot
2026-06-12T15:27:35Z stage: deps
2026-06-12T15:27:38Z stage: data
2026-06-12T15:27:38Z stage: hf
2026-06-12T15:27:41Z stage: gpu
2026-06-12T15:28:24Z stage: smoke-gate-GREEN
2026-06-12T15:28:25Z stage: engram-start
2026-06-12T16:21:04Z exit code 0
2026-06-12T19:33:17Z stage: boot
2026-06-12T19:33:36Z stage: deps
2026-06-12T19:33:37Z stage: data
2026-06-12T19:33:38Z stage: hf
2026-06-12T19:33:41Z stage: gpu
2026-06-12T19:34:26Z stage: smoke-gate-GREEN
2026-06-12T19:34:27Z stage: engram-start
2026-06-12T20:39:05Z exit code 0
